<?xml version="1.0" encoding="UTF-8"?>
<testsuite name="com.udacity.gradle.builditbigger.EchoTest" tests="2" skipped="0" failures="0" errors="0" timestamp="2015-09-08T22:26:59" hostname="Hengs-MacBook-Air.local" time="0.001">
  <properties/>
  <testcase name="verifyLoggingEchoResponse" classname="com.udacity.gradle.builditbigger.EchoTest" time="0.001"/>
  <testcase name="verifyEchoResponse" classname="com.udacity.gradle.builditbigger.EchoTest" time="0.0"/>
  <system-out><![CDATA[]]></system-out>
  <system-err><![CDATA[]]></system-err>
</testsuite>
