<?xml version="1.0" encoding="UTF-8"?>
<testsuite name="com.udacity.gradle.builditbigger.JokeEndpointsAsyncTaskTest" tests="1" skipped="0" failures="0" errors="0" timestamp="2015-09-08T17:43:36" hostname="VOSTRO_460M_002" time="0.0">
  <properties/>
  <testcase name="testVerifyJokeEndpointAsyncTaskResponse" classname="com.udacity.gradle.builditbigger.JokeEndpointsAsyncTaskTest" time="0.0"/>
  <system-out><![CDATA[]]></system-out>
  <system-err><![CDATA[]]></system-err>
</testsuite>
