<?xml version="1.0" encoding="UTF-8"?>
<testsuite name="com.udacity.gradle.builditbigger.EchoTest" tests="2" skipped="0" failures="0" errors="0" timestamp="2015-09-10T13:47:22" hostname="VOSTRO_460M_002" time="0.001">
  <properties/>
  <testcase name="verifyLoggingEchoResponse" classname="com.udacity.gradle.builditbigger.EchoTest" time="0.001"/>
  <testcase name="verifyEchoResponse" classname="com.udacity.gradle.builditbigger.EchoTest" time="0.0"/>
  <system-out><![CDATA[]]></system-out>
  <system-err><![CDATA[]]></system-err>
</testsuite>
